2023-09-15 09:00:24,895 INFO supervisord started with pid 67790
2023-09-15 09:00:25,900 INFO spawned: 'api' with pid 67791
2023-09-15 09:00:25,901 INFO spawned: 'cats' with pid 67792
2023-09-15 09:00:26,705 INFO exited: api (exit status 1; not expected)
2023-09-15 09:00:27,711 INFO spawned: 'api' with pid 67861
2023-09-15 09:00:27,712 INFO success: cats entered RUNNING state, process has stayed up for > than 1 seconds (startsecs)
2023-09-15 09:00:28,501 INFO exited: api (exit status 1; not expected)
2023-09-15 09:00:30,508 INFO spawned: 'api' with pid 67898
2023-09-15 09:00:31,314 INFO exited: api (exit status 1; not expected)
2023-09-15 09:00:34,322 INFO spawned: 'api' with pid 67935
2023-09-15 09:00:35,117 INFO exited: api (exit status 1; not expected)
2023-09-15 09:00:36,119 INFO gave up: api entered FATAL state, too many start retries too quickly
2023-09-15 09:00:40,126 WARN received SIGINT indicating exit request
2023-09-15 09:00:40,126 INFO waiting for cats to die
2023-09-15 09:00:40,132 INFO stopped: cats (terminated by SIGTERM)
2023-09-15 09:02:24,604 INFO supervisord started with pid 68555
2023-09-15 09:02:25,610 INFO spawned: 'api' with pid 68556
2023-09-15 09:02:25,612 INFO spawned: 'cats' with pid 68557
2023-09-15 09:02:26,891 INFO success: api entered RUNNING state, process has stayed up for > than 1 seconds (startsecs)
2023-09-15 09:02:26,892 INFO success: cats entered RUNNING state, process has stayed up for > than 1 seconds (startsecs)
2023-09-15 09:02:29,896 WARN received SIGINT indicating exit request
2023-09-15 09:02:29,896 INFO waiting for api, cats to die
2023-09-15 09:02:29,902 INFO stopped: cats (terminated by SIGTERM)
2023-09-15 09:02:29,905 INFO stopped: api (terminated by SIGTERM)
2023-09-15 09:41:49,151 INFO supervisord started with pid 108141
2023-09-15 09:41:50,156 INFO spawned: 'api' with pid 108142
2023-09-15 09:41:50,158 INFO spawned: 'cats' with pid 108143
2023-09-15 09:41:51,503 INFO success: api entered RUNNING state, process has stayed up for > than 1 seconds (startsecs)
2023-09-15 09:41:51,503 INFO success: cats entered RUNNING state, process has stayed up for > than 1 seconds (startsecs)
2023-09-15 09:41:53,506 WARN received SIGINT indicating exit request
2023-09-15 09:41:53,507 INFO waiting for api, cats to die
2023-09-15 09:41:53,512 INFO stopped: cats (terminated by SIGTERM)
2023-09-15 09:41:53,515 INFO stopped: api (terminated by SIGTERM)
